{"message":{"DATA":"Fri, 05 Feb 2021 03:06:30 GMT","METHOD":"GET","URL":"/normas/tag1","IP":"::1","CODE_ERROR":"ESOCKET","ERROR_MESSAGE":"Failed to connect to SLT-002590:1433 - Could not connect (sequence)"},"level":"error"}
{"message":{"DATA":"Fri, 05 Feb 2021 03:07:27 GMT","METHOD":"GET","URL":"/normas/tag1","IP":"::1","CODE_ERROR":"ESOCKET","ERROR_MESSAGE":"Failed to connect to SLT-002590:1433 - Could not connect (sequence)"},"level":"error"}
{"message":{"DATA":"Fri, 05 Feb 2021 03:07:29 GMT","METHOD":"GET","URL":"/normas/tag1","IP":"::1","CODE_ERROR":"ESOCKET","ERROR_MESSAGE":"Failed to connect to SLT-002590:1433 - Could not connect (sequence)"},"level":"error"}
{"message":{"DATA":"Fri, 05 Feb 2021 03:07:30 GMT","METHOD":"GET","URL":"/normas/tag1","IP":"::1","CODE_ERROR":"ESOCKET","ERROR_MESSAGE":"Failed to connect to SLT-002590:1433 - Could not connect (sequence)"},"level":"error"}
{"message":{"DATA":"Fri, 05 Feb 2021 03:07:31 GMT","METHOD":"GET","URL":"/normas/tag1","IP":"::1","CODE_ERROR":"ESOCKET","ERROR_MESSAGE":"Failed to connect to SLT-002590:1433 - Could not connect (sequence)"},"level":"error"}
{"message":{"DATA":"Fri, 05 Feb 2021 03:07:35 GMT","METHOD":"GET","URL":"/normas/tag1","IP":"::1","CODE_ERROR":"ESOCKET","ERROR_MESSAGE":"Failed to connect to SLT-002590:1433 - Could not connect (sequence)"},"level":"error"}
{"message":{"DATA":"Fri, 05 Feb 2021 03:16:25 GMT","METHOD":"GET","URL":"/normas/tag1","IP":"::1","CODE_ERROR":"ESOCKET","ERROR_MESSAGE":"Failed to connect to SLT-002590:1433 - Could not connect (sequence)"},"level":"error"}
{"message":{"DATA":"Fri, 05 Feb 2021 03:19:14 GMT","METHOD":"GET","URL":"/normas/tag1","IP":"::1","CODE_ERROR":"ESOCKET","ERROR_MESSAGE":"Failed to connect to SLT-002590:1433 - Could not connect (sequence)"},"level":"error"}
{"message":{"DATA":"Fri, 05 Feb 2021 03:26:07 GMT","METHOD":"GET","URL":"/normas/tag1","IP":"::1","CODE_ERROR":"ESOCKET","ERROR_MESSAGE":"Failed to connect to SLT-002590:1433 - Could not connect (sequence)"},"level":"error"}
{"message":{"DATA":"Fri, 05 Feb 2021 03:26:47 GMT","METHOD":"GET","URL":"/normas/tag1","IP":"::1","CODE_ERROR":"ESOCKET","ERROR_MESSAGE":"Failed to connect to SLT-002590:1433 - Could not connect (sequence)"},"level":"error"}
{"message":{"DATA":"Fri, 05 Feb 2021 03:31:08 GMT","METHOD":"GET","URL":"/normas/tag1","IP":"::1","CODE_ERROR":"ESOCKET","ERROR_MESSAGE":"Failed to connect to SLT-002590:1433 - Could not connect (sequence)"},"level":"error"}
{"message":{"DATA":"Fri, 05 Feb 2021 03:31:11 GMT","METHOD":"GET","URL":"/normas/tag1","IP":"::1","CODE_ERROR":"ESOCKET","ERROR_MESSAGE":"Failed to connect to SLT-002590:1433 - Could not connect (sequence)"},"level":"error"}
{"message":{"DATA":"Fri, 05 Feb 2021 03:31:22 GMT","METHOD":"GET","URL":"/normas/tag1","IP":"::1","CODE_ERROR":"ESOCKET","ERROR_MESSAGE":"Failed to connect to SLT-002590:1433 - Could not connect (sequence)"},"level":"error"}
{"message":{"DATA":"Fri, 05 Feb 2021 03:31:31 GMT","METHOD":"GET","URL":"/normas/tag2","IP":"::1","CODE_ERROR":"ESOCKET","ERROR_MESSAGE":"Failed to connect to SLT-002590:1433 - Could not connect (sequence)"},"level":"error"}
{"message":{"DATA":"Fri, 05 Feb 2021 03:31:52 GMT","METHOD":"GET","URL":"/normas/t","IP":"::1","CODE_ERROR":"ESOCKET","ERROR_MESSAGE":"Failed to connect to SLT-002590:1433 - Could not connect (sequence)"},"level":"error"}
{"message":{"DATA":"Fri, 05 Feb 2021 03:36:22 GMT","METHOD":"GET","URL":"/normas/tag1","IP":"::1","CODE_ERROR":"ESOCKET","ERROR_MESSAGE":"Failed to connect to SLT-002590:1433 - Could not connect (sequence)"},"level":"error"}
{"message":{"DATA":"Fri, 05 Feb 2021 03:36:30 GMT","METHOD":"GET","URL":"/normas/tw","IP":"::1","CODE_ERROR":"ESOCKET","ERROR_MESSAGE":"Failed to connect to SLT-002590:1433 - Could not connect (sequence)"},"level":"error"}
{"message":{"DATA":"Fri, 05 Feb 2021 03:38:41 GMT","METHOD":"GET","URL":"/normas/tw","IP":"::1","CODE_ERROR":"ESOCKET","ERROR_MESSAGE":"Failed to connect to SLT-002590:1433 - Could not connect (sequence)"},"level":"error"}
{"message":{"DATA":"Fri, 05 Feb 2021 03:43:07 GMT","METHOD":"GET","URL":"/normas/tw","IP":"::1","CODE_ERROR":"ESOCKET","ERROR_MESSAGE":"Failed to connect to SLT-002590:1433 - Could not connect (sequence)"},"level":"error"}
{"message":{"DATA":"Fri, 05 Feb 2021 03:43:12 GMT","METHOD":"GET","URL":"/normas/t","IP":"::1","CODE_ERROR":"ESOCKET","ERROR_MESSAGE":"Failed to connect to SLT-002590:1433 - Could not connect (sequence)"},"level":"error"}
{"message":{"DATA":"Fri, 05 Feb 2021 03:51:05 GMT","METHOD":"GET","URL":"/normas/t","IP":"::1","CODE_ERROR":"ESOCKET","ERROR_MESSAGE":"Failed to connect to SLT-002590:1433 - Could not connect (sequence)"},"level":"error"}
{"message":{"DATA":"Fri, 05 Feb 2021 03:51:07 GMT","METHOD":"GET","URL":"/normas/t","IP":"::1","CODE_ERROR":"ESOCKET","ERROR_MESSAGE":"Failed to connect to SLT-002590:1433 - Could not connect (sequence)"},"level":"error"}
{"message":{"DATA":"Fri, 05 Feb 2021 03:51:07 GMT","METHOD":"GET","URL":"/normas/t","IP":"::1","CODE_ERROR":"ESOCKET","ERROR_MESSAGE":"Failed to connect to SLT-002590:1433 - Could not connect (sequence)"},"level":"error"}
{"message":{"DATA":"Fri, 05 Feb 2021 03:51:07 GMT","METHOD":"GET","URL":"/normas/t","IP":"::1","CODE_ERROR":"ESOCKET","ERROR_MESSAGE":"Failed to connect to SLT-002590:1433 - Could not connect (sequence)"},"level":"error"}
{"message":{"DATA":"Fri, 05 Feb 2021 03:51:07 GMT","METHOD":"GET","URL":"/normas/t","IP":"::1","CODE_ERROR":"ESOCKET","ERROR_MESSAGE":"Failed to connect to SLT-002590:1433 - Could not connect (sequence)"},"level":"error"}
{"message":{"DATA":"Fri, 05 Feb 2021 03:51:07 GMT","METHOD":"GET","URL":"/normas/t","IP":"::1","CODE_ERROR":"ESOCKET","ERROR_MESSAGE":"Failed to connect to SLT-002590:1433 - Could not connect (sequence)"},"level":"error"}
{"message":{"DATA":"Fri, 05 Feb 2021 03:51:07 GMT","METHOD":"GET","URL":"/normas/t","IP":"::1","CODE_ERROR":"ESOCKET","ERROR_MESSAGE":"Failed to connect to SLT-002590:1433 - Could not connect (sequence)"},"level":"error"}
{"message":{"DATA":"Fri, 05 Feb 2021 03:52:08 GMT","METHOD":"GET","URL":"/normas/t","IP":"::1","CODE_ERROR":"ESOCKET","ERROR_MESSAGE":"Failed to connect to localhost:1433 - Could not connect (sequence)"},"level":"error"}
{"message":{"DATA":"Fri, 05 Feb 2021 03:57:51 GMT","METHOD":"GET","URL":"/normas/t","IP":"::1","CODE_ERROR":"ESOCKET","ERROR_MESSAGE":"Failed to connect to SLT-002590:1433 - Could not connect (sequence)"},"level":"error"}
{"message":{"DATA":"Fri, 05 Feb 2021 04:08:07 GMT","METHOD":"GET","URL":"/normas/t","IP":"::1","CODE_ERROR":"ESOCKET","ERROR_MESSAGE":"Failed to connect to windows-host:1433:1433 - getaddrinfo ENOTFOUND windows-host:1433"},"level":"error"}
{"message":{"DATA":"Fri, 05 Feb 2021 04:08:29 GMT","METHOD":"GET","URL":"/normas/t","CODE_ERROR":"ESOCKET","ERROR_MESSAGE":"Failed to connect to windows-host:1433 - getaddrinfo ENOTFOUND windows-host"},"level":"error"}
{"message":{"DATA":"Fri, 05 Feb 2021 04:08:29 GMT","METHOD":"GET","URL":"/normas/t","IP":"::1","CODE_ERROR":"ESOCKET","ERROR_MESSAGE":"Failed to connect to windows-host:1433 - getaddrinfo ENOTFOUND windows-host"},"level":"error"}
{"message":{"DATA":"Fri, 05 Feb 2021 04:17:38 GMT","METHOD":"GET","URL":"/normas/t","IP":"::1","CODE_ERROR":"ESOCKET","ERROR_MESSAGE":"Failed to connect to SLT-002590:1433 - Could not connect (sequence)"},"level":"error"}
{"message":{"DATA":"Fri, 05 Feb 2021 04:17:40 GMT","METHOD":"GET","URL":"/normas/t","IP":"::1","CODE_ERROR":"ESOCKET","ERROR_MESSAGE":"Failed to connect to SLT-002590:1433 - Could not connect (sequence)"},"level":"error"}
{"message":{"DATA":"Fri, 05 Feb 2021 04:17:46 GMT","METHOD":"GET","URL":"/normas/1","IP":"::1","CODE_ERROR":"ESOCKET","ERROR_MESSAGE":"Failed to connect to SLT-002590:1433 - Could not connect (sequence)"},"level":"error"}
{"message":{"DATA":"Fri, 05 Feb 2021 04:18:35 GMT","METHOD":"GET","URL":"/normas/1","IP":"::1","CODE_ERROR":"ESOCKET","ERROR_MESSAGE":"Failed to connect to SLT-002590.solutis.net.br:1433 - Could not connect (sequence)"},"level":"error"}
{"message":{"DATA":"Fri, 05 Feb 2021 04:19:41 GMT","METHOD":"GET","URL":"/normas/1","IP":"::1","CODE_ERROR":"ESOCKET","ERROR_MESSAGE":"Failed to connect to 127.0.1.1:1433 - Could not connect (sequence)"},"level":"error"}
{"message":{"DATA":"Fri, 05 Feb 2021 04:19:43 GMT","METHOD":"GET","URL":"/normas/1","IP":"::1","CODE_ERROR":"ESOCKET","ERROR_MESSAGE":"Failed to connect to 127.0.1.1:1433 - Could not connect (sequence)"},"level":"error"}
{"message":{"DATA":"Fri, 05 Feb 2021 04:19:57 GMT","METHOD":"GET","URL":"/normas/1","IP":"::1","CODE_ERROR":"ESOCKET","ERROR_MESSAGE":"Failed to connect to SLT-002590:1433 - Could not connect (sequence)"},"level":"error"}
{"message":{"DATA":"Fri, 05 Feb 2021 04:23:20 GMT","METHOD":"GET","URL":"/normas/1","IP":"::1","CODE_ERROR":"ESOCKET","ERROR_MESSAGE":"Failed to connect to SLT-002590:1433 - Could not connect (sequence)"},"level":"error"}
{"message":{"DATA":"Fri, 05 Feb 2021 04:23:24 GMT","METHOD":"GET","URL":"/normas/1","IP":"::1","CODE_ERROR":"ESOCKET","ERROR_MESSAGE":"Failed to connect to SLT-002590:1433 - Could not connect (sequence)"},"level":"error"}
{"message":{"DATA":"Fri, 05 Feb 2021 04:23:39 GMT","METHOD":"GET","URL":"/normas/1","IP":"::1","CODE_ERROR":"ESOCKET","ERROR_MESSAGE":"Failed to connect to 127.0.0.1:1433 - Could not connect (sequence)"},"level":"error"}
{"message":{"DATA":"Fri, 05 Feb 2021 04:23:53 GMT","METHOD":"GET","URL":"/normas/1","IP":"::1","CODE_ERROR":"ESOCKET","ERROR_MESSAGE":"Failed to connect to localhost:1433 - Could not connect (sequence)"},"level":"error"}
{"message":{"DATA":"Fri, 05 Feb 2021 04:24:18 GMT","METHOD":"GET","URL":"/normas/1","CODE_ERROR":"ESOCKET","ERROR_MESSAGE":"Failed to connect to localhost\\SQLEXPRESS:1433 - getaddrinfo ENOTFOUND localhost\\SQLEXPRESS"},"level":"error"}
{"message":{"DATA":"Fri, 05 Feb 2021 04:24:18 GMT","METHOD":"GET","URL":"/normas/1","IP":"::1","CODE_ERROR":"ESOCKET","ERROR_MESSAGE":"Failed to connect to localhost\\SQLEXPRESS:1433 - getaddrinfo ENOTFOUND localhost\\SQLEXPRESS"},"level":"error"}
{"message":{"DATA":"Fri, 05 Feb 2021 04:24:22 GMT","METHOD":"GET","URL":"/normas/1","IP":"::1","CODE_ERROR":"ESOCKET","ERROR_MESSAGE":"Failed to connect to localhost\\SQLEXPRESS:1433 - getaddrinfo ENOTFOUND localhost\\SQLEXPRESS"},"level":"error"}
{"message":{"DATA":"Fri, 05 Feb 2021 04:24:44 GMT","METHOD":"GET","URL":"/normas/1","IP":"::1","CODE_ERROR":"ESOCKET","ERROR_MESSAGE":"Failed to connect to SLT-002590\\SQLEXPRESS:1433 - getaddrinfo ENOTFOUND SLT-002590\\SQLEXPRESS"},"level":"error"}
{"message":{"DATA":"Fri, 05 Feb 2021 04:24:50 GMT","METHOD":"GET","URL":"/normas/1","IP":"::1","CODE_ERROR":"ESOCKET","ERROR_MESSAGE":"Failed to connect to SLT-002590\\SQLEXPRESS:1433 - getaddrinfo ENOTFOUND SLT-002590\\SQLEXPRESS"},"level":"error"}
{"message":{"DATA":"Fri, 05 Feb 2021 04:25:32 GMT","METHOD":"GET","URL":"/normas/1","IP":"::1","CODE_ERROR":"ESOCKET","ERROR_MESSAGE":"Failed to connect to SLT-002590\\SQLEXPRESS:1433 - getaddrinfo ENOTFOUND SLT-002590\\SQLEXPRESS"},"level":"error"}
{"message":{"DATA":"Fri, 05 Feb 2021 04:25:41 GMT","METHOD":"GET","URL":"/normas/1","IP":"::1","CODE_ERROR":"ESOCKET","ERROR_MESSAGE":"Failed to connect to SLT-002590:1433 - Could not connect (sequence)"},"level":"error"}
{"message":{"DATA":"Fri, 05 Feb 2021 04:29:07 GMT","METHOD":"GET","URL":"/normas/1","IP":"::1","CODE_ERROR":"ESOCKET","ERROR_MESSAGE":"Failed to connect to SLT-002590:1433 - Could not connect (sequence)"},"level":"error"}
{"message":{"DATA":"Sat, 06 Feb 2021 19:49:32 GMT","METHOD":"POST","URL":"/normas","IP":"::1","CODE_ERROR":"EREQUEST","ERROR_MESSAGE":"The INSERT statement conflicted with the FOREIGN KEY constraint \"FK__Norma__agrupamen__67DE6983\". The conflict occurred in database \"normas_tecnicas\", table \"dbo.Agrupamento\", column 'id'.","SQL_QUERY":"INSERT INTO [Norma] ([nr_norma],[titulo],[descricao],[tag],[ultima_versao],[versao],[depreciado],[ativo],[createdAt],[updatedAt],[agrupamento_id]) OUTPUT INSERTED.[id],INSERTED.[nr_norma],INSERTED.[titulo],INSERTED.[descricao],INSERTED.[tag],INSERTED.[ultima_versao],INSERTED.[versao],INSERTED.[depreciado],INSERTED.[ativo],INSERTED.[createdAt],INSERTED.[updatedAt],INSERTED.[agrupamento_id] VALUES (@0,@1,@2,@3,@4,@5,@6,@7,@8,@9,@10);"},"level":"error"}
{"message":{"DATA":"Mon, 08 Feb 2021 06:29:21 GMT","METHOD":"POST","URL":"/normas","IP":"::1"},"level":"error"}
{"message":{"DATA":"Mon, 08 Feb 2021 06:30:57 GMT","METHOD":"POST","URL":"/normas","IP":"::1"},"level":"error"}
{"message":{"DATA":"Mon, 08 Feb 2021 06:31:28 GMT","METHOD":"POST","URL":"/normas","IP":"::1"},"level":"error"}
{"message":{"DATA":"Mon, 08 Feb 2021 06:32:53 GMT","METHOD":"POST","URL":"/normas","IP":"::1"},"level":"error"}
{"message":{"DATA":"Mon, 08 Feb 2021 06:33:25 GMT","METHOD":"POST","URL":"/normas","IP":"::ffff:127.0.0.1"},"level":"error"}
{"message":{"DATA":"Mon, 08 Feb 2021 06:34:12 GMT","METHOD":"POST","URL":"/normas","IP":"::1"},"level":"error"}
{"message":{"DATA":"Mon, 08 Feb 2021 08:59:35 GMT","METHOD":"POST","URL":"/normas","IP":"::1"},"level":"error"}
{"message":{"DATA":"Mon, 08 Feb 2021 09:01:11 GMT","METHOD":"POST","URL":"/normas","IP":"::1"},"level":"error"}
